POPEN ERROR


Traceback (most recent call last):
  File "./main.py", line 198, in <module>
    main()
  File "./main.py", line 189, in main
    taskMasterStart(conf)
  File "./main.py", line 111, in taskMasterStart
    taskMaster.runTaskMaster()
  File "/Volumes/Data/nfs/zfs-student-4/users/2013/lsirigna/rendu/tasky/server/taskmaster.py", line 198, in runTaskMaster
    self.initFirstLaunch()
  File "/Volumes/Data/nfs/zfs-student-4/users/2013/lsirigna/rendu/tasky/server/taskmaster.py", line 434, in initFirstLaunch
    self.launchProg(key, value, value['startretries'])









  File "/Volumes/Data/nfs/zfs-student-4/users/2013/lsirigna/rendu/tasky/server/taskmaster.py", line 532, in launchProg
    proc = psutil.Popen(progConf['cmd'].split(), env=dict(env), stderr=errProg, stdout=outProg, stdin=inProg, cwd=workingDir)
  






  File "/nfs/zfs-student-4/users/2013/lsirigna/Library/Python/2.7/lib/python/site-packages/psutil/__init__.py", line 1143, in __init__
    self.__subproc = subprocess.Popen(*args, **kwargs)
  File "/System/Library/Frameworks/Python.framework/Versions/2.7/lib/python2.7/subprocess.py", line 709, in __init__
    errread, errwrite)
  File "/System/Library/Frameworks/Python.framework/Versions/2.7/lib/python2.7/subprocess.py", line 1326, in _execute_child
    raise child_exception
OSError: [Errno 2] No such file or directory

PATH IS ONLY ABSOLUTE


___________


WRONG ARGS : NO CMD

  File "./main.py", line 198, in <module>
    main()
  File "./main.py", line 189, in main
    taskMasterStart(conf)
  File "./main.py", line 110, in taskMasterStart
    taskMaster = _TaskMaster(conf)
  File "/Volumes/Data/nfs/zfs-student-4/users/2013/lsirigna/rendu/tasky/server/taskmaster.py", line 35, in __init__
    self.checkConf(self.conf)
  File "/Volumes/Data/nfs/zfs-student-4/users/2013/lsirigna/rendu/tasky/server/taskmaster.py", line 46, in checkConf
    raise NameError("Config: No 'cmd' in program: " + key)
NameError: Config: No 'cmd' in program: testwhile

Try on each access to config :)
___________

MAUVAISE INDENT ==== > NEED UN TRY CATCH

___________


___________
